PayWithEasebuzz demo/platforms/android/app/build/outputs/logs/manifest-merger-debug-report.txt
-- Merging decision tree log ---
manifest
ADDED from src/main/AndroidManifest.xml:2:1-16:12
INJECTED from src/main/AndroidManifest.xml:2:1-16:12
INJECTED from src/main/AndroidManifest.xml:2:1-16:12
INJECTED from src/main/AndroidManifest.xml:2:1-16:12
MERGED from [com.android.support:design:26.1.0] AndroidManifest.xml:17:1-31:12
MERGED from [com.android.support:appcompat-v7:26.1.0] AndroidManifest.xml:17:1-31:12
MERGED from [com.android.support:cardview-v7:26.1.0] AndroidManifest.xml:17:1-28:12
MERGED from [com.android.support:recyclerview-v7:26.1.0] AndroidManifest.xml:17:1-28:12
MERGED from [com.android.support:multidex:1.0.2] AndroidManifest.xml:17:1-22:12
MERGED from [:peb-lib:] AndroidManifest.xml:2:1-107:12
MERGED from [:CordovaLib] AndroidManifest.xml:20:1-27:12
MERGED from [com.android.support:transition:26.1.0] AndroidManifest.xml:17:1-28:12
MERGED from [com.android.support:support-v4:26.1.0] AndroidManifest.xml:17:1-31:12
MERGED from [com.android.support:animated-vector-drawable:26.1.0] AndroidManifest.xml:17:1-28:12
MERGED from [com.android.support:support-vector-drawable:26.1.0] AndroidManifest.xml:17:1-28:12
MERGED from [com.android.support:support-fragment:26.1.0] AndroidManifest.xml:17:1-31:12
MERGED from [com.android.support:support-core-ui:26.1.0] AndroidManifest.xml:17:1-31:12
MERGED from [com.android.support:support-media-compat:26.1.0] AndroidManifest.xml:17:1-31:12
MERGED from [com.android.support:support-core-utils:26.1.0] AndroidManifest.xml:17:1-31:12
MERGED from [com.android.support:support-compat:26.1.0] AndroidManifest.xml:17:1-31:12
MERGED from [android.arch.lifecycle:runtime:1.0.0] AndroidManifest.xml:17:1-30:12
INJECTED from src/main/AndroidManifest.xml:2:1-16:12
INJECTED from src/main/AndroidManifest.xml:2:1-16:12
INJECTED from src/main/AndroidManifest.xml:2:1-16:12
	package
		ADDED from src/main/AndroidManifest.xml:2:102-135
		INJECTED from src/main/AndroidManifest.xml
		INJECTED from src/main/AndroidManifest.xml
	android:versionName
		ADDED from src/main/AndroidManifest.xml:2:74-101
		INJECTED from src/main/AndroidManifest.xml
		INJECTED from src/main/AndroidManifest.xml
	android:hardwareAccelerated
		ADDED from src/main/AndroidManifest.xml:2:11-45
	xmlns:android
		ADDED from src/main/AndroidManifest.xml:2:136-194
	android:versionCode
		ADDED from src/main/AndroidManifest.xml:2:46-73
		INJECTED from src/main/AndroidManifest.xml
		INJECTED from src/main/AndroidManifest.xml
supports-screens
ADDED from src/main/AndroidManifest.xml:3:5-191
	android:largeScreens
		ADDED from src/main/AndroidManifest.xml:3:49-76
	android:smallScreens
		ADDED from src/main/AndroidManifest.xml:3:132-159
	android:normalScreens
		ADDED from src/main/AndroidManifest.xml:3:77-105
	android:xlargeScreens
		ADDED from src/main/AndroidManifest.xml:3:160-188
	android:resizeable
		ADDED from src/main/AndroidManifest.xml:3:106-131
	android:anyDensity
		ADDED from src/main/AndroidManifest.xml:3:23-48
uses-permission#android.permission.INTERNET
ADDED from src/main/AndroidManifest.xml:4:5-67
MERGED from [:peb-lib:] AndroidManifest.xml:11:5-67
MERGED from [:peb-lib:] AndroidManifest.xml:11:5-67
	android:name
		ADDED from src/main/AndroidManifest.xml:4:22-64
application
ADDED from src/main/AndroidManifest.xml:5:5-14:19
MERGED from [com.android.support:design:26.1.0] AndroidManifest.xml:25:5-29:19
MERGED from [com.android.support:design:26.1.0] AndroidManifest.xml:25:5-29:19
MERGED from [com.android.support:appcompat-v7:26.1.0] AndroidManifest.xml:25:5-29:19
MERGED from [com.android.support:appcompat-v7:26.1.0] AndroidManifest.xml:25:5-29:19
MERGED from [com.android.support:cardview-v7:26.1.0] AndroidManifest.xml:22:5-26:19
MERGED from [com.android.support:cardview-v7:26.1.0] AndroidManifest.xml:22:5-26:19
MERGED from [com.android.support:recyclerview-v7:26.1.0] AndroidManifest.xml:22:5-26:19
MERGED from [com.android.support:recyclerview-v7:26.1.0] AndroidManifest.xml:22:5-26:19
MERGED from [:peb-lib:] AndroidManifest.xml:21:5-105:19
MERGED from [:peb-lib:] AndroidManifest.xml:21:5-105:19
MERGED from [com.android.support:transition:26.1.0] AndroidManifest.xml:22:5-26:19
MERGED from [com.android.support:transition:26.1.0] AndroidManifest.xml:22:5-26:19
MERGED from [com.android.support:support-v4:26.1.0] AndroidManifest.xml:25:5-29:19
MERGED from [com.android.support:support-v4:26.1.0] AndroidManifest.xml:25:5-29:19
MERGED from [com.android.support:animated-vector-drawable:26.1.0] AndroidManifest.xml:22:5-26:19
MERGED from [com.android.support:animated-vector-drawable:26.1.0] AndroidManifest.xml:22:5-26:19
MERGED from [com.android.support:support-vector-drawable:26.1.0] AndroidManifest.xml:22:5-26:19
MERGED from [com.android.support:support-vector-drawable:26.1.0] AndroidManifest.xml:22:5-26:19
MERGED from [com.android.support:support-fragment:26.1.0] AndroidManifest.xml:25:5-29:19
MERGED from [com.android.support:support-fragment:26.1.0] AndroidManifest.xml:25:5-29:19
MERGED from [com.android.support:support-core-ui:26.1.0] AndroidManifest.xml:25:5-29:19
MERGED from [com.android.support:support-core-ui:26.1.0] AndroidManifest.xml:25:5-29:19
MERGED from [com.android.support:support-media-compat:26.1.0] AndroidManifest.xml:25:5-29:19
MERGED from [com.android.support:support-media-compat:26.1.0] AndroidManifest.xml:25:5-29:19
MERGED from [com.android.support:support-core-utils:26.1.0] AndroidManifest.xml:25:5-29:19
MERGED from [com.android.support:support-core-utils:26.1.0] AndroidManifest.xml:25:5-29:19
MERGED from [com.android.support:support-compat:26.1.0] AndroidManifest.xml:25:5-29:19
MERGED from [com.android.support:support-compat:26.1.0] AndroidManifest.xml:25:5-29:19
MERGED from [android.arch.lifecycle:runtime:1.0.0] AndroidManifest.xml:24:5-28:19
MERGED from [android.arch.lifecycle:runtime:1.0.0] AndroidManifest.xml:24:5-28:19
	android:supportsRtl
		ADDED from src/main/AndroidManifest.xml:5:114-140
	android:label
		ADDED from src/main/AndroidManifest.xml:5:81-113
	android:hardwareAccelerated
		ADDED from src/main/AndroidManifest.xml:5:18-52
	android:allowBackup
		ADDED from [:peb-lib:] AndroidManifest.xml:22:9-35
	android:icon
		ADDED from src/main/AndroidManifest.xml:5:53-80
activity#com.pwe.paywitheasebuzz.MainActivity
ADDED from src/main/AndroidManifest.xml:6:9-11:20
	android:label
		ADDED from src/main/AndroidManifest.xml:6:97-134
	android:launchMode
		ADDED from src/main/AndroidManifest.xml:6:135-165
	android:windowSoftInputMode
		ADDED from src/main/AndroidManifest.xml:6:257-299
	android:configChanges
		ADDED from src/main/AndroidManifest.xml:6:19-96
	android:theme
		ADDED from src/main/AndroidManifest.xml:6:194-256
	android:name
		ADDED from src/main/AndroidManifest.xml:6:166-193
intent-filter#android.intent.action.MAIN+android.intent.category.LAUNCHER
ADDED from src/main/AndroidManifest.xml:7:13-10:29
	android:label
		ADDED from src/main/AndroidManifest.xml:7:28-65
action#android.intent.action.MAIN
ADDED from src/main/AndroidManifest.xml:8:17-69
	android:name
		ADDED from src/main/AndroidManifest.xml:8:25-66
category#android.intent.category.LAUNCHER
ADDED from src/main/AndroidManifest.xml:9:17-77
	android:name
		ADDED from src/main/AndroidManifest.xml:9:27-74
activity#com.easebuzz.payment.kit.PWECouponsActivity
ADDED from src/main/AndroidManifest.xml:12:9-213
MERGED from [:peb-lib:] AndroidManifest.xml:26:9-31:55
MERGED from [:peb-lib:] AndroidManifest.xml:26:9-31:55
	android:screenOrientation
		ADDED from src/main/AndroidManifest.xml:12:134-170
	android:label
		ADDED from src/main/AndroidManifest.xml:12:44-74
	android:windowSoftInputMode
		ADDED from src/main/AndroidManifest.xml:12:171-210
	android:exported
		ADDED from src/main/AndroidManifest.xml:12:19-43
	android:theme
		ADDED from [:peb-lib:] AndroidManifest.xml:30:13-52
	android:name
		ADDED from src/main/AndroidManifest.xml:12:75-133
activity#com.easebuzz.payment.kit.PWEProcessPaymentActivity
ADDED from src/main/AndroidManifest.xml:13:9-189
MERGED from [:peb-lib:] AndroidManifest.xml:74:9-77:55
MERGED from [:peb-lib:] AndroidManifest.xml:74:9-77:55
	android:screenOrientation
		ADDED from src/main/AndroidManifest.xml:13:110-146
	android:exported
		ADDED from src/main/AndroidManifest.xml:13:19-43
	android:theme
		ADDED from src/main/AndroidManifest.xml:13:147-186
	android:name
		ADDED from src/main/AndroidManifest.xml:13:44-109
uses-sdk
ADDED from src/main/AndroidManifest.xml:15:5-74
INJECTED from src/main/AndroidManifest.xml:15:5-74
MERGED from [com.android.support:design:26.1.0] AndroidManifest.xml:21:5-23:62
MERGED from [com.android.support:design:26.1.0] AndroidManifest.xml:21:5-23:62
MERGED from [com.android.support:appcompat-v7:26.1.0] AndroidManifest.xml:21:5-23:78
MERGED from [com.android.support:appcompat-v7:26.1.0] AndroidManifest.xml:21:5-23:78
MERGED from [com.android.support:cardview-v7:26.1.0] AndroidManifest.xml:20:5-44
MERGED from [com.android.support:cardview-v7:26.1.0] AndroidManifest.xml:20:5-44
MERGED from [com.android.support:recyclerview-v7:26.1.0] AndroidManifest.xml:20:5-44
MERGED from [com.android.support:recyclerview-v7:26.1.0] AndroidManifest.xml:20:5-44
MERGED from [com.android.support:multidex:1.0.2] AndroidManifest.xml:20:5-43
MERGED from [com.android.support:multidex:1.0.2] AndroidManifest.xml:20:5-43
MERGED from [:peb-lib:] AndroidManifest.xml:7:5-9:41
MERGED from [:peb-lib:] AndroidManifest.xml:7:5-9:41
MERGED from [:CordovaLib] AndroidManifest.xml:25:5-44
MERGED from [:CordovaLib] AndroidManifest.xml:25:5-44
MERGED from [com.android.support:transition:26.1.0] AndroidManifest.xml:20:5-44
MERGED from [com.android.support:transition:26.1.0] AndroidManifest.xml:20:5-44
MERGED from [com.android.support:support-v4:26.1.0] AndroidManifest.xml:21:5-23:54
MERGED from [com.android.support:support-v4:26.1.0] AndroidManifest.xml:21:5-23:54
MERGED from [com.android.support:animated-vector-drawable:26.1.0] AndroidManifest.xml:20:5-44
MERGED from [com.android.support:animated-vector-drawable:26.1.0] AndroidManifest.xml:20:5-44
MERGED from [com.android.support:support-vector-drawable:26.1.0] AndroidManifest.xml:20:5-44
MERGED from [com.android.support:support-vector-drawable:26.1.0] AndroidManifest.xml:20:5-44
MERGED from [com.android.support:support-fragment:26.1.0] AndroidManifest.xml:21:5-23:60
MERGED from [com.android.support:support-fragment:26.1.0] AndroidManifest.xml:21:5-23:60
MERGED from [com.android.support:support-core-ui:26.1.0] AndroidManifest.xml:21:5-23:58
MERGED from [com.android.support:support-core-ui:26.1.0] AndroidManifest.xml:21:5-23:58
MERGED from [com.android.support:support-media-compat:26.1.0] AndroidManifest.xml:21:5-23:63
MERGED from [com.android.support:support-media-compat:26.1.0] AndroidManifest.xml:21:5-23:63
MERGED from [com.android.support:support-core-utils:26.1.0] AndroidManifest.xml:21:5-23:61
MERGED from [com.android.support:support-core-utils:26.1.0] AndroidManifest.xml:21:5-23:61
MERGED from [com.android.support:support-compat:26.1.0] AndroidManifest.xml:21:5-23:58
MERGED from [com.android.support:support-compat:26.1.0] AndroidManifest.xml:21:5-23:58
MERGED from [android.arch.lifecycle:runtime:1.0.0] AndroidManifest.xml:20:5-22:41
MERGED from [android.arch.lifecycle:runtime:1.0.0] AndroidManifest.xml:20:5-22:41
INJECTED from src/main/AndroidManifest.xml:15:5-74
	tools:overrideLibrary
		ADDED from [com.android.support:design:26.1.0] AndroidManifest.xml:23:9-59
	android:targetSdkVersion
		ADDED from src/main/AndroidManifest.xml:15:42-71
	android:minSdkVersion
		ADDED from src/main/AndroidManifest.xml:15:15-41
		INJECTED from src/main/AndroidManifest.xml
		INJECTED from src/main/AndroidManifest.xml
meta-data#android.support.VERSION
ADDED from [com.android.support:design:26.1.0] AndroidManifest.xml:26:9-28:38
MERGED from [com.android.support:appcompat-v7:26.1.0] AndroidManifest.xml:26:9-28:38
MERGED from [com.android.support:appcompat-v7:26.1.0] AndroidManifest.xml:26:9-28:38
MERGED from [com.android.support:cardview-v7:26.1.0] AndroidManifest.xml:23:9-25:38
MERGED from [com.android.support:cardview-v7:26.1.0] AndroidManifest.xml:23:9-25:38
MERGED from [com.android.support:recyclerview-v7:26.1.0] AndroidManifest.xml:23:9-25:38
MERGED from [com.android.support:recyclerview-v7:26.1.0] AndroidManifest.xml:23:9-25:38
MERGED from [com.android.support:transition:26.1.0] AndroidManifest.xml:23:9-25:38
MERGED from [com.android.support:transition:26.1.0] AndroidManifest.xml:23:9-25:38
MERGED from [com.android.support:support-v4:26.1.0] AndroidManifest.xml:26:9-28:38
MERGED from [com.android.support:support-v4:26.1.0] AndroidManifest.xml:26:9-28:38
MERGED from [com.android.support:animated-vector-drawable:26.1.0] AndroidManifest.xml:23:9-25:38
MERGED from [com.android.support:animated-vector-drawable:26.1.0] AndroidManifest.xml:23:9-25:38
MERGED from [com.android.support:support-vector-drawable:26.1.0] AndroidManifest.xml:23:9-25:38
MERGED from [com.android.support:support-vector-drawable:26.1.0] AndroidManifest.xml:23:9-25:38
MERGED from [com.android.support:support-fragment:26.1.0] AndroidManifest.xml:26:9-28:38
MERGED from [com.android.support:support-fragment:26.1.0] AndroidManifest.xml:26:9-28:38
MERGED from [com.android.support:support-core-ui:26.1.0] AndroidManifest.xml:26:9-28:38
MERGED from [com.android.support:support-core-ui:26.1.0] AndroidManifest.xml:26:9-28:38
MERGED from [com.android.support:support-media-compat:26.1.0] AndroidManifest.xml:26:9-28:38
MERGED from [com.android.support:support-media-compat:26.1.0] AndroidManifest.xml:26:9-28:38
MERGED from [com.android.support:support-core-utils:26.1.0] AndroidManifest.xml:26:9-28:38
MERGED from [com.android.support:support-core-utils:26.1.0] AndroidManifest.xml:26:9-28:38
MERGED from [com.android.support:support-compat:26.1.0] AndroidManifest.xml:26:9-28:38
MERGED from [com.android.support:support-compat:26.1.0] AndroidManifest.xml:26:9-28:38
	android:value
		ADDED from [com.android.support:design:26.1.0] AndroidManifest.xml:28:13-35
	android:name
		ADDED from [com.android.support:design:26.1.0] AndroidManifest.xml:27:13-51
uses-permission#android.permission.ACCESS_NETWORK_STATE
ADDED from [:peb-lib:] AndroidManifest.xml:12:5-79
	android:name
		ADDED from [:peb-lib:] AndroidManifest.xml:12:22-76
uses-permission#com.android.alarm.permission.SET_ALARM
ADDED from [:peb-lib:] AndroidManifest.xml:13:5-78
	android:name
		ADDED from [:peb-lib:] AndroidManifest.xml:13:22-75
uses-permission#android.permission.WRITE_SMS
ADDED from [:peb-lib:] AndroidManifest.xml:14:5-68
	android:name
		ADDED from [:peb-lib:] AndroidManifest.xml:14:22-65
uses-permission#android.permission.RECEIVE_SMS
ADDED from [:peb-lib:] AndroidManifest.xml:15:5-17:47
	android:protectionLevel
		ADDED from [:peb-lib:] AndroidManifest.xml:17:9-44
	android:name
		ADDED from [:peb-lib:] AndroidManifest.xml:16:9-54
uses-permission#android.permission.READ_SMS
ADDED from [:peb-lib:] AndroidManifest.xml:18:5-67
	android:name
		ADDED from [:peb-lib:] AndroidManifest.xml:18:22-64
uses-permission#android.permission.SEND_SMS
ADDED from [:peb-lib:] AndroidManifest.xml:19:5-67
	android:name
		ADDED from [:peb-lib:] AndroidManifest.xml:19:22-64
activity#com.easebuzz.payment.kit.PWEPaymentOptionActivity
ADDED from [:peb-lib:] AndroidManifest.xml:32:9-37:55
	android:screenOrientation
		ADDED from [:peb-lib:] AndroidManifest.xml:35:13-49
	android:label
		ADDED from [:peb-lib:] AndroidManifest.xml:34:13-43
	android:windowSoftInputMode
		ADDED from [:peb-lib:] AndroidManifest.xml:37:13-52
	android:theme
		ADDED from [:peb-lib:] AndroidManifest.xml:36:13-52
	android:name
		ADDED from [:peb-lib:] AndroidManifest.xml:33:13-77
activity#com.easebuzz.payment.kit.PWEDebitCardActivity
ADDED from [:peb-lib:] AndroidManifest.xml:38:9-43:55
	android:screenOrientation
		ADDED from [:peb-lib:] AndroidManifest.xml:41:13-49
	android:label
		ADDED from [:peb-lib:] AndroidManifest.xml:40:13-36
	android:windowSoftInputMode
		ADDED from [:peb-lib:] AndroidManifest.xml:43:13-52
	android:theme
		ADDED from [:peb-lib:] AndroidManifest.xml:42:13-52
	android:name
		ADDED from [:peb-lib:] AndroidManifest.xml:39:13-73
activity#com.easebuzz.payment.kit.PWECreditCardActivity
ADDED from [:peb-lib:] AndroidManifest.xml:44:9-49:55
	android:screenOrientation
		ADDED from [:peb-lib:] AndroidManifest.xml:47:13-49
	android:label
		ADDED from [:peb-lib:] AndroidManifest.xml:46:13-36
	android:windowSoftInputMode
		ADDED from [:peb-lib:] AndroidManifest.xml:49:13-52
	android:theme
		ADDED from [:peb-lib:] AndroidManifest.xml:48:13-52
	android:name
		ADDED from [:peb-lib:] AndroidManifest.xml:45:13-74
activity#com.easebuzz.payment.kit.PWENetBankingActivity
ADDED from [:peb-lib:] AndroidManifest.xml:50:9-55:55
	android:screenOrientation
		ADDED from [:peb-lib:] AndroidManifest.xml:53:13-49
	android:label
		ADDED from [:peb-lib:] AndroidManifest.xml:52:13-40
	android:windowSoftInputMode
		ADDED from [:peb-lib:] AndroidManifest.xml:55:13-52
	android:theme
		ADDED from [:peb-lib:] AndroidManifest.xml:54:13-52
	android:name
		ADDED from [:peb-lib:] AndroidManifest.xml:51:13-74
activity#com.easebuzz.payment.kit.PWEWalletActivity
ADDED from [:peb-lib:] AndroidManifest.xml:56:9-61:63
	android:screenOrientation
		ADDED from [:peb-lib:] AndroidManifest.xml:59:13-49
	android:label
		ADDED from [:peb-lib:] AndroidManifest.xml:58:13-46
	android:windowSoftInputMode
		ADDED from [:peb-lib:] AndroidManifest.xml:61:13-60
	android:theme
		ADDED from [:peb-lib:] AndroidManifest.xml:60:13-52
	android:name
		ADDED from [:peb-lib:] AndroidManifest.xml:57:13-70
activity#com.easebuzz.payment.kit.PWEDebitAtmPin
ADDED from [:peb-lib:] AndroidManifest.xml:62:9-67:55
	android:screenOrientation
		ADDED from [:peb-lib:] AndroidManifest.xml:65:13-49
	android:label
		ADDED from [:peb-lib:] AndroidManifest.xml:64:13-36
	android:windowSoftInputMode
		ADDED from [:peb-lib:] AndroidManifest.xml:67:13-52
	android:theme
		ADDED from [:peb-lib:] AndroidManifest.xml:66:13-52
	android:name
		ADDED from [:peb-lib:] AndroidManifest.xml:63:13-67
activity#com.easebuzz.payment.kit.PWECouponsDetailActivity
ADDED from [:peb-lib:] AndroidManifest.xml:68:9-73:63
	android:screenOrientation
		ADDED from [:peb-lib:] AndroidManifest.xml:71:13-49
	android:label
		ADDED from [:peb-lib:] AndroidManifest.xml:70:13-47
	android:windowSoftInputMode
		ADDED from [:peb-lib:] AndroidManifest.xml:73:13-60
	android:theme
		ADDED from [:peb-lib:] AndroidManifest.xml:72:13-52
	android:name
		ADDED from [:peb-lib:] AndroidManifest.xml:69:13-77
activity#com.easebuzz.payment.kit.TransactionTimeOutExpire
ADDED from [:peb-lib:] AndroidManifest.xml:78:9-82:55
	android:screenOrientation
		ADDED from [:peb-lib:] AndroidManifest.xml:81:13-49
	android:label
		ADDED from [:peb-lib:] AndroidManifest.xml:80:13-48
	android:theme
		ADDED from [:peb-lib:] AndroidManifest.xml:82:13-52
	android:name
		ADDED from [:peb-lib:] AndroidManifest.xml:79:13-77
activity#com.easebuzz.payment.kit.SavedCardActivity
ADDED from [:peb-lib:] AndroidManifest.xml:83:9-86:55
	android:screenOrientation
		ADDED from [:peb-lib:] AndroidManifest.xml:85:13-49
	android:theme
		ADDED from [:peb-lib:] AndroidManifest.xml:86:13-52
	android:name
		ADDED from [:peb-lib:] AndroidManifest.xml:84:13-70
activity#com.easebuzz.payment.kit.PWEErrorActivity
ADDED from [:peb-lib:] AndroidManifest.xml:87:9-90:55
	android:screenOrientation
		ADDED from [:peb-lib:] AndroidManifest.xml:89:13-49
	android:theme
		ADDED from [:peb-lib:] AndroidManifest.xml:90:13-52
	android:name
		ADDED from [:peb-lib:] AndroidManifest.xml:88:13-69
activity#com.easebuzz.payment.kit.PWEUpiActivity
ADDED from [:peb-lib:] AndroidManifest.xml:91:9-96:55
	android:screenOrientation
		ADDED from [:peb-lib:] AndroidManifest.xml:94:13-49
	android:label
		ADDED from [:peb-lib:] AndroidManifest.xml:93:13-36
	android:windowSoftInputMode
		ADDED from [:peb-lib:] AndroidManifest.xml:96:13-52
	android:theme
		ADDED from [:peb-lib:] AndroidManifest.xml:95:13-52
	android:name
		ADDED from [:peb-lib:] AndroidManifest.xml:92:13-67
receiver#receivers.ConnectivityReceiver
ADDED from [:peb-lib:] AndroidManifest.xml:98:9-104:20
	android:enabled
		ADDED from [:peb-lib:] AndroidManifest.xml:100:13-35
	android:name
		ADDED from [:peb-lib:] AndroidManifest.xml:99:13-58
intent-filter#android.net.conn.CONNECTIVITY_CHANGE
ADDED from [:peb-lib:] AndroidManifest.xml:101:13-103:29
action#android.net.conn.CONNECTIVITY_CHANGE
ADDED from [:peb-lib:] AndroidManifest.xml:102:17-79
	android:name
		ADDED from [:peb-lib:] AndroidManifest.xml:102:25-76
meta-data#android.arch.lifecycle.VERSION
ADDED from [android.arch.lifecycle:runtime:1.0.0] AndroidManifest.xml:25:9-27:47
	android:value
		ADDED from [android.arch.lifecycle:runtime:1.0.0] AndroidManifest.xml:27:13-44
	android:name
		ADDED from [android.arch.lifecycle:runtime:1.0.0] AndroidManifest.xml:26:13-58